Using pre-set license
Built from '2020.3/staging' branch; Version is '2020.3.9f1 (108be757e447) revision 1084391'; Using compiler version '192528614'; Build Type 'Release'
OS: 'Windows 10 Pro; OS build 19045.2251; Version 2009; 64bit' Language: 'en' Physical Memory: 7985 MB
BatchMode: 1, IsHumanControllingUs: 0, StartBugReporterOnCrash: 0, Is64bit: 1, IsPro: 0

 COMMAND LINE ARGUMENTS:
C:\Program Files\Unity\Hub\Editor\2020.3.9f1\Editor\Unity.exe
-adb2
-batchMode
-noUpm
-name
AssetImportWorker0
-projectPath
C:/Users/DELL/Documents/GitHub/TetrisGame/TetrisGameUnity
-logFile
Logs/AssetImportWorker0.log
-srvPort
59566
Successfully changed project path to: C:/Users/DELL/Documents/GitHub/TetrisGame/TetrisGameUnity
C:/Users/DELL/Documents/GitHub/TetrisGame/TetrisGameUnity
Using Asset Import Pipeline V2.
Refreshing native plugins compatible for Editor in 30.90 ms, found 1 plugins.
Preloading 0 native plugins for Editor in 0.00 ms.
Initialize engine version: 2020.3.9f1 (108be757e447)
[Subsystems] Discovering subsystems at path C:/Program Files/Unity/Hub/Editor/2020.3.9f1/Editor/Data/Resources/UnitySubsystems
[Subsystems] Discovering subsystems at path C:/Users/DELL/Documents/GitHub/TetrisGame/TetrisGameUnity/Assets
GfxDevice: creating device client; threaded=0
Direct3D:
    Version:  Direct3D 11.0 [level 11.1]
    Renderer: NVIDIA GeForce GTX 1650 Ti (ID=0x1f95)
    Vendor:   
    VRAM:     3962 MB
    Driver:   30.0.15.1272
Initialize mono
Mono path[0] = 'C:/Program Files/Unity/Hub/Editor/2020.3.9f1/Editor/Data/Managed'
Mono path[1] = 'C:/Program Files/Unity/Hub/Editor/2020.3.9f1/Editor/Data/MonoBleedingEdge/lib/mono/unityjit'
Mono config path = 'C:/Program Files/Unity/Hub/Editor/2020.3.9f1/Editor/Data/MonoBleedingEdge/etc'
Using monoOptions --debugger-agent=transport=dt_socket,embedding=1,server=y,suspend=n,address=127.0.0.1:56496
Begin MonoManager ReloadAssembly
Registering precompiled unity dll's ...
Register platform support module: C:/Program Files/Unity/Hub/Editor/2020.3.9f1/Editor/Data/PlaybackEngines/WindowsStandaloneSupport/UnityEditor.WindowsStandalone.Extensions.dll
Registered in 0.001583 seconds.
Native extension for WindowsStandalone target not found
Refreshing native plugins compatible for Editor in 32.94 ms, found 1 plugins.
Preloading 0 native plugins for Editor in 0.00 ms.
Mono: successfully reloaded assembly
- Completed reload, in  1.957 seconds
Platform modules already initialized, skipping
Registering precompiled user dll's ...
Registered in 0.000899 seconds.
Begin MonoManager ReloadAssembly
Native extension for WindowsStandalone target not found
Refreshing native plugins compatible for Editor in 37.00 ms, found 1 plugins.
Preloading 0 native plugins for Editor in 0.00 ms.
Mono: successfully reloaded assembly
- Completed reload, in  0.918 seconds
Platform modules already initialized, skipping
========================================================================
Worker process is ready to serve import requests
Launched and connected shader compiler UnityShaderCompiler.exe after 0.04 seconds
Refreshing native plugins compatible for Editor in 0.39 ms, found 1 plugins.
Preloading 0 native plugins for Editor in 0.00 ms.
Unloading 1808 Unused Serialized files (Serialized files now loaded: 0)
System memory in use before: 84.9 MB.
System memory in use after: 84.8 MB.

Unloading 24 unused Assets to reduce memory usage. Loaded Objects now: 2250.
Total: 2.365600 ms (FindLiveObjects: 0.186600 ms CreateObjectMapping: 0.064300 ms MarkObjects: 1.833900 ms  DeleteObjects: 0.278900 ms)

========================================================================
Received Import Request.
  path: Assets/Tiles/Blocks.prefab
  artifactKey: Guid(0ea49faad3bce324ab57c7650990187f) Importer(815301076,1909f56bfc062723c751e8b465ee728b)
Start importing Assets/Tiles/Blocks.prefab using Guid(0ea49faad3bce324ab57c7650990187f) Importer(815301076,1909f56bfc062723c751e8b465ee728b)  -> (artifact id: 'b996a306d0c0fe26dbbd0225052f0af9') in 0.047433 seconds
  Import took 0.050673 seconds .

========================================================================
Received Import Request.
  Time since last request: 106.008866 seconds.
  path: Assets/Tiles/Blocks.prefab
  artifactKey: Guid(0ea49faad3bce324ab57c7650990187f) Importer(815301076,1909f56bfc062723c751e8b465ee728b)
Start importing Assets/Tiles/Blocks.prefab using Guid(0ea49faad3bce324ab57c7650990187f) Importer(815301076,1909f56bfc062723c751e8b465ee728b)  -> (artifact id: '6e55a4c56ebc41611ccccb388dbc7595') in 0.003731 seconds
  Import took 0.006799 seconds .

========================================================================
Received Import Request.
  Time since last request: 0.000283 seconds.
  path: Assets/Tiles/Green.asset
  artifactKey: Guid(df01e647dca75bf4381c4ecfa9de1261) Importer(815301076,1909f56bfc062723c751e8b465ee728b)
Start importing Assets/Tiles/Green.asset using Guid(df01e647dca75bf4381c4ecfa9de1261) Importer(815301076,1909f56bfc062723c751e8b465ee728b)  -> (artifact id: '2f10c4b924e97e730dc1e32dc54f4400') in 0.054517 seconds
  Import took 0.058595 seconds .

========================================================================
Received Import Request.
  Time since last request: 0.000159 seconds.
  path: Assets/Tiles/Cyan.asset
  artifactKey: Guid(8ef593451d4329e4b812dba05f5646a3) Importer(815301076,1909f56bfc062723c751e8b465ee728b)
Start importing Assets/Tiles/Cyan.asset using Guid(8ef593451d4329e4b812dba05f5646a3) Importer(815301076,1909f56bfc062723c751e8b465ee728b)  -> (artifact id: 'b94e800c78c8edb256d2a95dbdd66c25') in 0.007991 seconds
  Import took 0.010817 seconds .

========================================================================
Received Import Request.
  Time since last request: 0.000220 seconds.
  path: Assets/Tiles/Yellow.asset
  artifactKey: Guid(665f6ea4b8768a74380ba31eaffea0e0) Importer(815301076,1909f56bfc062723c751e8b465ee728b)
Start importing Assets/Tiles/Yellow.asset using Guid(665f6ea4b8768a74380ba31eaffea0e0) Importer(815301076,1909f56bfc062723c751e8b465ee728b)  -> (artifact id: '9c025eda4d787b4be0c3293e39a08b59') in 0.010174 seconds
  Import took 0.014314 seconds .

========================================================================
Received Import Request.
  Time since last request: 0.000317 seconds.
  path: Assets/Tiles/Orange.asset
  artifactKey: Guid(933cffcd506816f4b80eacc089a9fa29) Importer(815301076,1909f56bfc062723c751e8b465ee728b)
Start importing Assets/Tiles/Orange.asset using Guid(933cffcd506816f4b80eacc089a9fa29) Importer(815301076,1909f56bfc062723c751e8b465ee728b)  -> (artifact id: '5ecc9e66db51ba289274007751bd0c70') in 0.009491 seconds
  Import took 0.012355 seconds .

========================================================================
Received Import Request.
  Time since last request: 0.000183 seconds.
  path: Assets/Tiles/Red.asset
  artifactKey: Guid(e4d8f652fa48b804a99d68544cffff43) Importer(815301076,1909f56bfc062723c751e8b465ee728b)
Start importing Assets/Tiles/Red.asset using Guid(e4d8f652fa48b804a99d68544cffff43) Importer(815301076,1909f56bfc062723c751e8b465ee728b)  -> (artifact id: '9a71d7ae3fa8ac6143d45a98f5d23788') in 0.012480 seconds
  Import took 0.015204 seconds .

========================================================================
Received Import Request.
  Time since last request: 0.000283 seconds.
  path: Assets/Tiles/Ghost.asset
  artifactKey: Guid(b0a8fcc6c47b0a545bdc32ba3e12ccc6) Importer(815301076,1909f56bfc062723c751e8b465ee728b)
Start importing Assets/Tiles/Ghost.asset using Guid(b0a8fcc6c47b0a545bdc32ba3e12ccc6) Importer(815301076,1909f56bfc062723c751e8b465ee728b)  -> (artifact id: '8ee35eb5269872c213fe1ba7ce2ff0e1') in 0.009575 seconds
  Import took 0.012838 seconds .

========================================================================
Received Import Request.
  Time since last request: 0.000252 seconds.
  path: Assets/Tiles/Blue.asset
  artifactKey: Guid(f0a9dc65fa65c394e93433bc3a292fdc) Importer(815301076,1909f56bfc062723c751e8b465ee728b)
Start importing Assets/Tiles/Blue.asset using Guid(f0a9dc65fa65c394e93433bc3a292fdc) Importer(815301076,1909f56bfc062723c751e8b465ee728b)  -> (artifact id: 'ed84c333eda718a91ab35c72e866afac') in 0.009828 seconds
  Import took 0.013964 seconds .

========================================================================
Received Import Request.
  Time since last request: 0.000165 seconds.
  path: Assets/Tiles/Purple.asset
  artifactKey: Guid(f4ffce0946398274d9b23ad91f859cf9) Importer(815301076,1909f56bfc062723c751e8b465ee728b)
Start importing Assets/Tiles/Purple.asset using Guid(f4ffce0946398274d9b23ad91f859cf9) Importer(815301076,1909f56bfc062723c751e8b465ee728b)  -> (artifact id: 'f41c256a462ba27450c21749b7f3b8a2') in 0.008610 seconds
  Import took 0.011450 seconds .

AssetImportWorkerClient::OnTransportError - code=2 error=End of file
